# JRE version: OpenJDK Runtime Environment (8.0_152) (build 1.8.0_152-release-1343-b16-5323222)
# Java VM: OpenJDK 64-Bit Server VM (25.152-b16-5323222 mixed mode linux-amd64 compressed oops)
Heap:
 PSYoungGen      total 438272K, used 38374K [0x00000000e0000000, 0x00000000fd180000, 0x0000000100000000)
  eden space 399872K, 0% used [0x00000000e0000000,0x00000000e0000000,0x00000000f8680000)
  from space 38400K, 99% used [0x00000000f8680000,0x00000000fabf9b50,0x00000000fac00000)
  to   space 37376K, 0% used [0x00000000fad00000,0x00000000fad00000,0x00000000fd180000)
 ParOldGen       total 132608K, used 77909K [0x00000000a0000000, 0x00000000a8180000, 0x00000000e0000000)
  object space 132608K, 58% used [0x00000000a0000000,0x00000000a4c15788,0x00000000a8180000)
 Metaspace       used 108743K, capacity 113491K, committed 113792K, reserved 1148928K
  class space    used 13757K, capacity 14619K, committed 14720K, reserved 1048576K
GC Heap History (10 events):
Event: 6226,346 GC heap after
Heap after GC invocations=22 (full 4):
 PSYoungGen      total 342016K, used 15387K [0x00000000e0000000, 0x00000000f8380000, 0x0000000100000000)
  eden space 309760K, 0% used [0x00000000e0000000,0x00000000e0000000,0x00000000f2e80000)
  from space 32256K, 47% used [0x00000000f6400000,0x00000000f7306cb0,0x00000000f8380000)
  to   space 43520K, 0% used [0x00000000f2e80000,0x00000000f2e80000,0x00000000f5900000)
 ParOldGen       total 132608K, used 52477K [0x00000000a0000000, 0x00000000a8180000, 0x00000000e0000000)
  object space 132608K, 39% used [0x00000000a0000000,0x00000000a333f4e8,0x00000000a8180000)
 Metaspace       used 97610K, capacity 101339K, committed 102144K, reserved 1138688K
  class space    used 12464K, capacity 13209K, committed 13312K, reserved 1048576K
}
Event: 6228,518 GC heap before
{Heap before GC invocations=23 (full 4):
 PSYoungGen      total 342016K, used 325147K [0x00000000e0000000, 0x00000000f8380000, 0x0000000100000000)
  eden space 309760K, 100% used [0x00000000e0000000,0x00000000f2e80000,0x00000000f2e80000)
  from space 32256K, 47% used [0x00000000f6400000,0x00000000f7306cb0,0x00000000f8380000)
  to   space 43520K, 0% used [0x00000000f2e80000,0x00000000f2e80000,0x00000000f5900000)
 ParOldGen       total 132608K, used 52477K [0x00000000a0000000, 0x00000000a8180000, 0x00000000e0000000)
  object space 132608K, 39% used [0x00000000a0000000,0x00000000a333f4e8,0x00000000a8180000)
 Metaspace       used 106831K, capacity 111415K, committed 111616K, reserved 1146880K
  class space    used 13650K, capacity 14507K, committed 14592K, reserved 1048576K
Event: 6228,557 GC heap after
Heap after GC invocations=23 (full 4):
 PSYoungGen      total 353280K, used 28319K [0x00000000e0000000, 0x00000000fa380000, 0x0000000100000000)
  eden space 309760K, 0% used [0x00000000e0000000,0x00000000e0000000,0x00000000f2e80000)
  from space 43520K, 65% used [0x00000000f2e80000,0x00000000f4a27ca0,0x00000000f5900000)
  to   space 44544K, 0% used [0x00000000f7800000,0x00000000f7800000,0x00000000fa380000)
 ParOldGen       total 132608K, used 52485K [0x00000000a0000000, 0x00000000a8180000, 0x00000000e0000000)
  object space 132608K, 39% used [0x00000000a0000000,0x00000000a33414e8,0x00000000a8180000)
 Metaspace       used 106831K, capacity 111415K, committed 111616K, reserved 1146880K
  class space    used 13650K, capacity 14507K, committed 14592K, reserved 1048576K
}
Event: 6229,359 GC heap before
{Heap before GC invocations=24 (full 4):
 PSYoungGen      total 353280K, used 338079K [0x00000000e0000000, 0x00000000fa380000, 0x0000000100000000)
  eden space 309760K, 100% used [0x00000000e0000000,0x00000000f2e80000,0x00000000f2e80000)
  from space 43520K, 65% used [0x00000000f2e80000,0x00000000f4a27ca0,0x00000000f5900000)
  to   space 44544K, 0% used [0x00000000f7800000,0x00000000f7800000,0x00000000fa380000)
 ParOldGen       total 132608K, used 52485K [0x00000000a0000000, 0x00000000a8180000, 0x00000000e0000000)
  object space 132608K, 39% used [0x00000000a0000000,0x00000000a3341500,0x00000000a8180000)
 Metaspace       used 107212K, capacity 111817K, committed 112000K, reserved 1146880K
  class space    used 13679K, capacity 14546K, committed 14720K, reserved 1048576K
Event: 6229,397 GC heap after
Heap after GC invocations=24 (full 4):
 PSYoungGen      total 387584K, used 20188K [0x00000000e0000000, 0x00000000faa80000, 0x0000000100000000)
  eden space 343040K, 0% used [0x00000000e0000000,0x00000000e0000000,0x00000000f4f00000)
  from space 44544K, 45% used [0x00000000f7800000,0x00000000f8bb7208,0x00000000fa380000)
  to   space 41984K, 0% used [0x00000000f4f00000,0x00000000f4f00000,0x00000000f7800000)
 ParOldGen       total 132608K, used 52493K [0x00000000a0000000, 0x00000000a8180000, 0x00000000e0000000)
  object space 132608K, 39% used [0x00000000a0000000,0x00000000a3343500,0x00000000a8180000)
 Metaspace       used 107212K, capacity 111817K, committed 112000K, reserved 1146880K
  class space    used 13679K, capacity 14546K, committed 14720K, reserved 1048576K
}
Event: 6230,005 GC heap before
{Heap before GC invocations=25 (full 4):
 PSYoungGen      total 387584K, used 363228K [0x00000000e0000000, 0x00000000faa80000, 0x0000000100000000)
  eden space 343040K, 100% used [0x00000000e0000000,0x00000000f4f00000,0x00000000f4f00000)
  from space 44544K, 45% used [0x00000000f7800000,0x00000000f8bb7208,0x00000000fa380000)
  to   space 41984K, 0% used [0x00000000f4f00000,0x00000000f4f00000,0x00000000f7800000)
 ParOldGen       total 132608K, used 52527K [0x00000000a0000000, 0x00000000a8180000, 0x00000000e0000000)
  object space 132608K, 39% used [0x00000000a0000000,0x00000000a334bc98,0x00000000a8180000)
 Metaspace       used 107533K, capacity 112153K, committed 112512K, reserved 1146880K
  class space    used 13688K, capacity 14556K, committed 14720K, reserved 1048576K
Event: 6230,034 GC heap after
Heap after GC invocations=25 (full 4):
 PSYoungGen      total 385024K, used 19869K [0x00000000e0000000, 0x00000000fd400000, 0x0000000100000000)
  eden space 343040K, 0% used [0x00000000e0000000,0x00000000e0000000,0x00000000f4f00000)
  from space 41984K, 47% used [0x00000000f4f00000,0x00000000f6267788,0x00000000f7800000)
  to   space 39936K, 0% used [0x00000000fad00000,0x00000000fad00000,0x00000000fd400000)
 ParOldGen       total 132608K, used 52535K [0x00000000a0000000, 0x00000000a8180000, 0x00000000e0000000)
  object space 132608K, 39% used [0x00000000a0000000,0x00000000a334dc98,0x00000000a8180000)
 Metaspace       used 107533K, capacity 112153K, committed 112512K, reserved 1146880K
  class space    used 13688K, capacity 14556K, committed 14720K, reserved 1048576K
}
Event: 6230,998 GC heap before
{Heap before GC invocations=26 (full 4):
 PSYoungGen      total 385024K, used 362909K [0x00000000e0000000, 0x00000000fd400000, 0x0000000100000000)
  eden space 343040K, 100% used [0x00000000e0000000,0x00000000f4f00000,0x00000000f4f00000)
  from space 41984K, 47% used [0x00000000f4f00000,0x00000000f6267788,0x00000000f7800000)
  to   space 39936K, 0% used [0x00000000fad00000,0x00000000fad00000,0x00000000fd400000)
 ParOldGen       total 132608K, used 52535K [0x00000000a0000000, 0x00000000a8180000, 0x00000000e0000000)
  object space 132608K, 39% used [0x00000000a0000000,0x00000000a334dc98,0x00000000a8180000)
 Metaspace       used 107902K, capacity 112577K, committed 112768K, reserved 1146880K
  class space    used 13697K, capacity 14558K, committed 14720K, reserved 1048576K
Event: 6231,030 GC heap after
Heap after GC invocations=26 (full 4):
 PSYoungGen      total 437248K, used 17683K [0x00000000e0000000, 0x00000000fd180000, 0x0000000100000000)
  eden space 399872K, 0% used [0x00000000e0000000,0x00000000e0000000,0x00000000f8680000)
  from space 37376K, 47% used [0x00000000fad00000,0x00000000fbe44d50,0x00000000fd180000)
  to   space 38400K, 0% used [0x00000000f8680000,0x00000000f8680000,0x00000000fac00000)
 ParOldGen       total 132608K, used 52543K [0x00000000a0000000, 0x00000000a8180000, 0x00000000e0000000)
  object space 132608K, 39% used [0x00000000a0000000,0x00000000a334fc98,0x00000000a8180000)
 Metaspace       used 107902K, capacity 112577K, committed 112768K, reserved 1146880K
  class space    used 13697K, capacity 14558K, committed 14720K, reserved 1048576K
}
Event: 6235,038 GC heap before
{Heap before GC invocations=27 (full 4):
 PSYoungGen      total 437248K, used 417555K [0x00000000e0000000, 0x00000000fd180000, 0x0000000100000000)
  eden space 399872K, 100% used [0x00000000e0000000,0x00000000f8680000,0x00000000f8680000)
  from space 37376K, 47% used [0x00000000fad00000,0x00000000fbe44d50,0x00000000fd180000)
  to   space 38400K, 0% used [0x00000000f8680000,0x00000000f8680000,0x00000000fac00000)
 ParOldGen       total 132608K, used 52543K [0x00000000a0000000, 0x00000000a8180000, 0x00000000e0000000)
  object space 132608K, 39% used [0x00000000a0000000,0x00000000a334fc98,0x00000000a8180000)
 Metaspace       used 108743K, capacity 113491K, committed 113792K, reserved 1148928K
  class space    used 13757K, capacity 14619K, committed 14720K, reserved 1048576K

