# JRE version: OpenJDK Runtime Environment (8.0_152) (build 1.8.0_152-release-1343-b16-5323222)
# Java VM: OpenJDK 64-Bit Server VM (25.152-b16-5323222 mixed mode linux-amd64 compressed oops)
Heap:
 PSYoungGen      total 208896K, used 0K [0x00000000d7b80000, 0x00000000e8380000, 0x0000000100000000)
  eden space 175104K, 0% used [0x00000000d7b80000,0x00000000d7b80000,0x00000000e2680000)
  from space 33792K, 0% used [0x00000000e4b80000,0x00000000e4b80000,0x00000000e6c80000)
  to   space 37888K, 0% used [0x00000000e2680000,0x00000000e2680000,0x00000000e4b80000)
 ParOldGen       total 105984K, used 49037K [0x0000000087200000, 0x000000008d980000, 0x00000000d7b80000)
  object space 105984K, 46% used [0x0000000087200000,0x000000008a1e3450,0x000000008d980000)
 Metaspace       used 57681K, capacity 58759K, committed 59008K, reserved 1101824K
  class space    used 6919K, capacity 7242K, committed 7296K, reserved 1048576K
GC Heap History (10 events):
Event: 3,466 GC heap after
Heap after GC invocations=6 (full 1):
 PSYoungGen      total 130048K, used 5096K [0x00000000d7b80000, 0x00000000e2300000, 0x0000000100000000)
  eden space 124928K, 0% used [0x00000000d7b80000,0x00000000d7b80000,0x00000000df580000)
  from space 5120K, 99% used [0x00000000df580000,0x00000000dfa7a118,0x00000000dfa80000)
  to   space 15872K, 0% used [0x00000000e1380000,0x00000000e1380000,0x00000000e2300000)
 ParOldGen       total 60416K, used 25625K [0x0000000087200000, 0x000000008ad00000, 0x00000000d7b80000)
  object space 60416K, 42% used [0x0000000087200000,0x0000000088b06680,0x000000008ad00000)
 Metaspace       used 34547K, capacity 35059K, committed 35416K, reserved 1081344K
  class space    used 4362K, capacity 4504K, committed 4608K, reserved 1048576K
}
Event: 3,466 GC heap before
{Heap before GC invocations=7 (full 2):
 PSYoungGen      total 130048K, used 5096K [0x00000000d7b80000, 0x00000000e2300000, 0x0000000100000000)
  eden space 124928K, 0% used [0x00000000d7b80000,0x00000000d7b80000,0x00000000df580000)
  from space 5120K, 99% used [0x00000000df580000,0x00000000dfa7a118,0x00000000dfa80000)
  to   space 15872K, 0% used [0x00000000e1380000,0x00000000e1380000,0x00000000e2300000)
 ParOldGen       total 60416K, used 25625K [0x0000000087200000, 0x000000008ad00000, 0x00000000d7b80000)
  object space 60416K, 42% used [0x0000000087200000,0x0000000088b06680,0x000000008ad00000)
 Metaspace       used 34547K, capacity 35059K, committed 35416K, reserved 1081344K
  class space    used 4362K, capacity 4504K, committed 4608K, reserved 1048576K
Event: 3,533 GC heap after
Heap after GC invocations=7 (full 2):
 PSYoungGen      total 130048K, used 0K [0x00000000d7b80000, 0x00000000e2300000, 0x0000000100000000)
  eden space 124928K, 0% used [0x00000000d7b80000,0x00000000d7b80000,0x00000000df580000)
  from space 5120K, 0% used [0x00000000df580000,0x00000000df580000,0x00000000dfa80000)
  to   space 15872K, 0% used [0x00000000e1380000,0x00000000e1380000,0x00000000e2300000)
 ParOldGen       total 105984K, used 18886K [0x0000000087200000, 0x000000008d980000, 0x00000000d7b80000)
  object space 105984K, 17% used [0x0000000087200000,0x0000000088471bd0,0x000000008d980000)
 Metaspace       used 34547K, capacity 35059K, committed 35416K, reserved 1081344K
  class space    used 4362K, capacity 4504K, committed 4608K, reserved 1048576K
}
Event: 5,400 GC heap before
{Heap before GC invocations=8 (full 2):
 PSYoungGen      total 130048K, used 124453K [0x00000000d7b80000, 0x00000000e2300000, 0x0000000100000000)
  eden space 124928K, 99% used [0x00000000d7b80000,0x00000000df5097a8,0x00000000df580000)
  from space 5120K, 0% used [0x00000000df580000,0x00000000df580000,0x00000000dfa80000)
  to   space 15872K, 0% used [0x00000000e1380000,0x00000000e1380000,0x00000000e2300000)
 ParOldGen       total 105984K, used 18886K [0x0000000087200000, 0x000000008d980000, 0x00000000d7b80000)
  object space 105984K, 17% used [0x0000000087200000,0x0000000088471bd0,0x000000008d980000)
 Metaspace       used 42805K, capacity 43497K, committed 43776K, reserved 1087488K
  class space    used 5213K, capacity 5365K, committed 5376K, reserved 1048576K
Event: 5,424 GC heap after
Heap after GC invocations=8 (full 2):
 PSYoungGen      total 147968K, used 15855K [0x00000000d7b80000, 0x00000000e5200000, 0x0000000100000000)
  eden space 132096K, 0% used [0x00000000d7b80000,0x00000000d7b80000,0x00000000dfc80000)
  from space 15872K, 99% used [0x00000000e1380000,0x00000000e22fbe18,0x00000000e2300000)
  to   space 23552K, 0% used [0x00000000dfc80000,0x00000000dfc80000,0x00000000e1380000)
 ParOldGen       total 105984K, used 28301K [0x0000000087200000, 0x000000008d980000, 0x00000000d7b80000)
  object space 105984K, 26% used [0x0000000087200000,0x0000000088da34d0,0x000000008d980000)
 Metaspace       used 42805K, capacity 43497K, committed 43776K, reserved 1087488K
  class space    used 5213K, capacity 5365K, committed 5376K, reserved 1048576K
}
Event: 8,625 GC heap before
{Heap before GC invocations=9 (full 2):
 PSYoungGen      total 147968K, used 147951K [0x00000000d7b80000, 0x00000000e5200000, 0x0000000100000000)
  eden space 132096K, 100% used [0x00000000d7b80000,0x00000000dfc80000,0x00000000dfc80000)
  from space 15872K, 99% used [0x00000000e1380000,0x00000000e22fbe18,0x00000000e2300000)
  to   space 23552K, 0% used [0x00000000dfc80000,0x00000000dfc80000,0x00000000e1380000)
 ParOldGen       total 105984K, used 28301K [0x0000000087200000, 0x000000008d980000, 0x00000000d7b80000)
  object space 105984K, 26% used [0x0000000087200000,0x0000000088da34d0,0x000000008d980000)
 Metaspace       used 52718K, capacity 53709K, committed 54144K, reserved 1097728K
  class space    used 6396K, capacity 6675K, committed 6784K, reserved 1048576K
Event: 8,661 GC heap after
Heap after GC invocations=9 (full 2):
 PSYoungGen      total 155648K, used 23527K [0x00000000d7b80000, 0x00000000e6c80000, 0x0000000100000000)
  eden space 132096K, 0% used [0x00000000d7b80000,0x00000000d7b80000,0x00000000dfc80000)
  from space 23552K, 99% used [0x00000000dfc80000,0x00000000e1379f10,0x00000000e1380000)
  to   space 33792K, 0% used [0x00000000e4b80000,0x00000000e4b80000,0x00000000e6c80000)
 ParOldGen       total 105984K, used 41257K [0x0000000087200000, 0x000000008d980000, 0x00000000d7b80000)
  object space 105984K, 38% used [0x0000000087200000,0x0000000089a4a6b8,0x000000008d980000)
 Metaspace       used 52718K, capacity 53709K, committed 54144K, reserved 1097728K
  class space    used 6396K, capacity 6675K, committed 6784K, reserved 1048576K
}
Event: 9,364 GC heap before
{Heap before GC invocations=10 (full 2):
 PSYoungGen      total 155648K, used 54951K [0x00000000d7b80000, 0x00000000e6c80000, 0x0000000100000000)
  eden space 132096K, 23% used [0x00000000d7b80000,0x00000000d9a2ffc8,0x00000000dfc80000)
  from space 23552K, 99% used [0x00000000dfc80000,0x00000000e1379f10,0x00000000e1380000)
  to   space 33792K, 0% used [0x00000000e4b80000,0x00000000e4b80000,0x00000000e6c80000)
 ParOldGen       total 105984K, used 41257K [0x0000000087200000, 0x000000008d980000, 0x00000000d7b80000)
  object space 105984K, 38% used [0x0000000087200000,0x0000000089a4a6b8,0x000000008d980000)
 Metaspace       used 57681K, capacity 58759K, committed 59008K, reserved 1101824K
  class space    used 6919K, capacity 7242K, committed 7296K, reserved 1048576K
Event: 9,409 GC heap after
Heap after GC invocations=10 (full 2):
 PSYoungGen      total 208896K, used 29758K [0x00000000d7b80000, 0x00000000e8380000, 0x0000000100000000)
  eden space 175104K, 0% used [0x00000000d7b80000,0x00000000d7b80000,0x00000000e2680000)
  from space 33792K, 88% used [0x00000000e4b80000,0x00000000e688f8d8,0x00000000e6c80000)
  to   space 37888K, 0% used [0x00000000e2680000,0x00000000e2680000,0x00000000e4b80000)
 ParOldGen       total 105984K, used 41265K [0x0000000087200000, 0x000000008d980000, 0x00000000d7b80000)
  object space 105984K, 38% used [0x0000000087200000,0x0000000089a4c6b8,0x000000008d980000)
 Metaspace       used 57681K, capacity 58759K, committed 59008K, reserved 1101824K
  class space    used 6919K, capacity 7242K, committed 7296K, reserved 1048576K
}
Event: 9,412 GC heap before
{Heap before GC invocations=11 (full 3):
 PSYoungGen      total 208896K, used 29758K [0x00000000d7b80000, 0x00000000e8380000, 0x0000000100000000)
  eden space 175104K, 0% used [0x00000000d7b80000,0x00000000d7b80000,0x00000000e2680000)
  from space 33792K, 88% used [0x00000000e4b80000,0x00000000e688f8d8,0x00000000e6c80000)
  to   space 37888K, 0% used [0x00000000e2680000,0x00000000e2680000,0x00000000e4b80000)
 ParOldGen       total 105984K, used 41265K [0x0000000087200000, 0x000000008d980000, 0x00000000d7b80000)
  object space 105984K, 38% used [0x0000000087200000,0x0000000089a4c6b8,0x000000008d980000)
 Metaspace       used 57681K, capacity 58759K, committed 59008K, reserved 1101824K
  class space    used 6919K, capacity 7242K, committed 7296K, reserved 1048576K

